<flex-config xmlns="http://www.adobe.com/2006/flex-config">	<compiler>		<library-path append="true">			<path-element>./flexunit</path-element>			<path-element>./out</path-element>		</library-path>	</compiler></flex-config>