<?xml version="1.0" encoding="UTF-8"?>

<testsuite name="tl.ioc.IOCHelperTest" tests="4" failures="0" errors="0" skipped="1" time="0,005" hostname="BSiDeUp" timestamp="2011-12-06T10:50:13">
  <testcase classname="tl.ioc::IOCHelperTest" name="testRegisterType" time="0,003"/>
  <testcase classname="tl.ioc::IOCHelperTest" name="testFactory" time="0,000"/>
  <testcase classname="tl.ioc::IOCHelperTest" name="testRegisterNonImplementingType" time="0,001">
    <skipped/>
  </testcase>
  <testcase classname="tl.ioc::IOCHelperTest" name="testInjection" time="0,001"/>
</testsuite>
